Arguments: 
  C:\Program Files\nodejs\node.exe C:\Users\sridevi reddy\AppData\Roaming\npm\node_modules\yarn\bin\yarn.js add react-icons

PATH: 
  C:\Program Files\nodejs;C:\Program Files\Python312\Scripts;C:\Users\sridevi reddy\AppData\Roaming\npm

Yarn version: 
  1.22.19

Node version: 
  18.18.2

Platform: 
  win32 x64

Trace: 
  Error: EPERM: operation not permitted, unlink 'C:\Users\sridevi reddy\OneDrive\Documents\Desktop\search-filter\Searchfilter\node_modules\@esbuild\win32-x64\esbuild.exe'

npm manifest: 
  {
    "name": "searchfilter",
    "private": true,
    "version": "0.0.0",
    "type": "module",
    "scripts": {
      "dev": "vite",
      "build": "vite build",
      "lint": "eslint . --ext js,jsx --report-unused-disable-directives --max-warnings 0",
      "preview": "vite preview"
    },
    "dependencies": {
      "react": "^18.2.0",
      "react-dom": "^18.2.0",
      "react-icons": "^4.11.0"
    },
    "devDependencies": {
      "@types/react": "^18.2.15",
      "@types/react-dom": "^18.2.7",
      "@vitejs/plugin-react": "^4.0.3",
      "eslint": "^8.45.0",
      "eslint-plugin-react": "^7.32.2",
      "eslint-plugin-react-hooks": "^4.6.0",
      "eslint-plugin-react-refresh": "^0.4.3",
      "vite": "^4.4.5"
    }
  }

yarn manifest: 
  No manifest

Lockfile: 
  No lockfile
